<?xml version="1.0" encoding="UTF-8"?>
<!-- Generated by org.testng.reporters.JUnitReportReporter -->
<testsuite hostname="DESKTOP-GH87THQ" failures="0" tests="1" name="com.ebay.test.LogicPageTest" time="40.882" errors="0" timestamp="06 Jan 2022 18:42:02 GMT" skipped="0">
  <testcase classname="com.ebay.test.LogicPageTest" name="testSignIn" time="40.882"/>
</testsuite> <!-- com.ebay.test.LogicPageTest -->
